<?xml version="1.0" encoding="UTF-8"?>
<!-- Generated by org.testng.reporters.JUnitReportReporter -->
<testsuite hostname="LAPTOP-OPTCNUC2" failures="0" tests="3" name="tests.PaylocityUITest" time="23.428" errors="0" timestamp="09 Feb 2022 02:21:31 GMT" skipped="0">
  <testcase classname="tests.PaylocityUITest" name="verifyUpdateEmployee" time="9.130"/>
  <testcase classname="tests.PaylocityUITest" name="verifyAddEmployee" time="6.303"/>
  <testcase classname="tests.PaylocityUITest" name="verifyDeleteEmployee" time="7.995"/>
</testsuite> <!-- tests.PaylocityUITest -->
