<?xml version="1.0" encoding="UTF-8"?>
<!-- Generated by org.testng.reporters.JUnitReportReporter -->
<testsuite hostname="LAPTOP-OPTCNUC2" failures="0" tests="1" name="tests.loginUI" time="11.049" errors="0" timestamp="30 Jan 2022 16:43:11 GMT" skipped="0">
  <testcase classname="tests.loginUI" name="Login" time="11.049"/>
</testsuite> <!-- tests.loginUI -->
